<?xml version="1.0" encoding="UTF-8"?>
<!-- Generated by org.testng.reporters.JUnitXMLReporter -->
<testsuite hostname="Dmitrys-MacBook-Pro.local" name="Default test" tests="6" failures="0" timestamp="24 Apr 2015 22:53:59 GMT" time="265.873" errors="0">
  <testcase name="test_0__StandardInstall" time="20.271" classname="com.magnet.mmx.selenium.WizardStandardInstall_TestNG"/>
  <testcase name="test_1_ConfigurationReset_Accounts" time="28.812" classname="com.magnet.mmx.selenium.WizardStandardInstall_TestNG"/>
  <testcase name="test_1_ConfigurationReset_NewUserLogin" time="3.808" classname="com.magnet.mmx.selenium.WizardStandardInstall_TestNG"/>
  <testcase name="test_2_ConfigurationReset_Logs" time="112.908" classname="com.magnet.mmx.selenium.WizardStandardInstall_TestNG"/>
  <testcase name="test_3_ConfigurationReset_Template" time="34.153" classname="com.magnet.mmx.selenium.WizardStandardInstall_TestNG"/>
  <testcase name="test_4_ConfigurationReset_allTabs" time="52.918" classname="com.magnet.mmx.selenium.WizardStandardInstall_TestNG"/>
</testsuite> <!-- Default test -->
